<?xml version="1.0" encoding="UTF-8"?>
<testsuite name="mock_sample_test.OrderTest" tests="3" skipped="0" failures="0" errors="0" timestamp="2020-04-09T06:47:14" hostname="EMCT-DANIEL" time="0.28">
  <properties/>
  <testcase name="testInsertOrderWithMockitoInit" classname="mock_sample_test.OrderTest" time="0.278"/>
  <testcase name="testInsertOrder" classname="mock_sample_test.OrderTest" time="0.001"/>
  <testcase name="testInsertOrderWithMockito" classname="mock_sample_test.OrderTest" time="0.001"/>
  <system-out><![CDATA[]]></system-out>
  <system-err><![CDATA[]]></system-err>
</testsuite>
