<?xml version="1.0" encoding="UTF-8"?>
<testsuite name="mock_sample_test.OrderTest" tests="1" skipped="0" failures="0" errors="0" timestamp="2020-04-09T06:01:50" hostname="EMCT-DANIEL" time="0.003">
  <properties/>
  <testcase name="testInsertOrder" classname="mock_sample_test.OrderTest" time="0.003"/>
  <system-out><![CDATA[]]></system-out>
  <system-err><![CDATA[]]></system-err>
</testsuite>
