<?xml version="1.0" encoding="UTF-8"?>
<testsuite name="MathJavaTest" tests="1" skipped="0" failures="0" errors="0" timestamp="2020-04-09T01:36:58" hostname="EMCT-DANIEL" time="0.001">
  <properties/>
  <testcase name="addTest" classname="MathJavaTest" time="0.001"/>
  <system-out><![CDATA[]]></system-out>
  <system-err><![CDATA[]]></system-err>
</testsuite>
